#
# There is insufficient memory for the Java Runtime Environment to continue.
# Native memory allocation (mmap) failed to map 268435456 bytes for G1 virtual space
# Possible reasons:
#   The system is out of physical RAM or swap space
#   The process is running with CompressedOops enabled, and the Java Heap may be blocking the growth of the native heap
# Possible solutions:
#   Reduce memory load on the system
#   Increase physical memory or swap space
#   Check if swap backing store is full
#   Decrease Java heap size (-Xmx/-Xms)
#   Decrease number of Java threads
#   Decrease Java thread stack sizes (-Xss)
#   Set larger code cache with -XX:ReservedCodeCacheSize=
#   JVM is running with Zero Based Compressed Oops mode in which the Java heap is
#     placed in the first 32GB address space. The Java Heap base address is the
#     maximum limit for the native heap growth. Please use -XX:HeapBaseMinAddress
#     to set the Java Heap base and to place the Java Heap above 32GB virtual address.
# This output file may be truncated or incomplete.
#
#  Out of Memory Error (os_windows.cpp:3613), pid=3296, tid=23312
#
# JRE version:  (17.0.10+7) (build )
# Java VM: OpenJDK 64-Bit Server VM (17.0.10+7, mixed mode, sharing, tiered, compressed oops, compressed class ptrs, g1 gc, windows-amd64)
# No core dump will be written. Minidumps are not enabled by default on client versions of Windows
#

---------------  S U M M A R Y ------------

Command Line: -Dfile.encoding=UTF-8 -Dstdout.encoding=UTF-8 -Dstderr.encoding=UTF-8 -XX:+ShowCodeDetailsInExceptionMessages fr.diginamic.jdr.Parties

Host: Intel(R) Core(TM) i7-7700HQ CPU @ 2.80GHz, 8 cores, 15G,  Windows 10 , 64 bit Build 19041 (10.0.19041.3636)
Time: Mon May  6 17:38:09 2024 Paris, Madrid (heure duild 19041 (10.0.19041.3636) elapsed time: 0.013838 seconds (0d 0h 0m 0s)

---------------  T H R E A D  ---------------

Current thread (0x00000288229a4220):  JavaThread "Unknown thread" [_thread_in_vm, id=23312, stack(0x000000fbb1400000,0x000000fbb1500000)]

Stack: [0x000000fbb1400000,0x000000fbb1500000]
Native frames: (J=compiled Java code, j=interpreted, Vv=VM code, C=native code)
V  [jvm.dll+0x67d2c9]
V  [jvm.dll+0x834afa]
V  [jvm.dll+0x8365be]
V  [jvm.dll+0x836c23]
V  [jvm.dll+0x2477ff]
V  [jvm.dll+0x67a109]
V  [jvm.dll+0x66eb7a]
V  [jvm.dll+0x30764b]
V  [jvm.dll+0x30eaf6]
V  [jvm.dll+0x35e83e]
V  [jvm.dll+0x35ea6f]
V  [jvm.dll+0x2de248]
V  [jvm.dll+0x2df1b4]
V  [jvm.dll+0x806361]
V  [jvm.dll+0x36c6f1]
V  [jvm.dll+0x7e4e06]
V  [jvm.dll+0x3eff3f]
V  [jvm.dll+0x3f1b71]
C  [jli.dll+0x528f]
C  [ucrtbase.dll+0x21bb2]
C  [KERNEL32.DLL+0x17344]
C  [ntdll.dll+0x526b1]


---------------  P R O C E S S  ---------------

Threads class SMR info:
_java_thread_list=0x00007ffda566ee98, length=0, elements={
}

Java Threads: ( => current thread )

Other Threads:
  0x0000028822a117d0 GCTaskThread "GC Thread#0" [stack: 0x000000fbb1500000,0x000000fbb1600000] [id=3676]
  0x0000028822a22ba0 ConcurrentGCThread "G1 Main Marker" [stack: 0x000000fbb1600000,0x000000fbb1700000] [id=19216]
  0x0000028822a23460 ConcurrentGCThread "G1 Conc#0" [stack: 0x000000fbb1700000,0x000000fbb1800000] [id=6488]

[error occurred during error reporting (printing all threads), id 0xc0000005, EXCEPTION_ACCESS_VIOLATION (0xc0000005) at pc=0x00007ffda4e2ec87]

VM state: not at safepoint (not fully initialized)

VM Mutex/Monitor currently owned by a thread:  ([mutex/lock_event])
[0x000002882299d900] Heap_lock - owner thread: 0x00000288229a4220

Heap address: 0x0000000701c00000, size: 4068 MB, Compressed Oops mode: Zero based, Oop shift amount: 3

CDS archive(s) mapped at: [0x0000000000000000-0x0000000000000000-0x0000000000000000), size 0, SharedBaseAddress: 0x0000000800000000, ArchiveRelocationMode: 1.
Narrow klass base: 0x0000000000000000, Narrow klass shift: 0, Narrow klass range: 0x0

GC Precious Log:
<Empty>

Heap:
 garbage-first heap   total 0K, used 0K [0x0000000701c00000, 0x0000000800000000)
  region size 2048K, 0 young (0K), 0 survivors (0K)

[error occurred during error reporting (printing heap information), id 0xc0000005, EXCEPTION_ACCESS_VIOLATION (0xc0000005) at pc=0x00007ffda5216fb9]

GC Heap History (0 events):
No events

Dll operation events (1 events):
Event: 0.008 Loaded shared library C:\Program Files\spring-tool-suite-4-4.22.0\sts-4.22.0.RELEASE\plugins\org.eclipse.justj.openjdk.hotspot.jre.full.win32.x86_64_17.0.10.v20240120-1143\jre\bin\java.dll

Deoptimization events (0 events):
No events

Classes unloaded (0 events):
No events

Classes redefined (0 events):
No events

Internal exceptions (0 events):
No events

VM Operations (0 events):
No events

Events (0 events):
No events


Dynamic libraries:
0x00007ff721eb0000 - 0x00007ff721ebe000 	C:\Program Files\spring-tool-suite-4-4.22.0\sts-4.22.0.RELEASE\plugins\org.eclipse.justj.openjdk.hotspot.jre.full.win32.x86_64_17.0.10.v20240120-1143\jre\bin\javaw.exe
0x00007ffe1e370000 - 0x00007ffe1e568000 	C:\WINDOWS\SYSTEM32\ntdll.dll
0x00007ffe1c3a0000 - 0x00007ffe1c45d000 	C:\WINDOWS\System32\KERNEL32.DLL
0x00007ffe1bd60000 - 0x00007ffe1c056000 	C:\WINDOWS\System32\KERNELBASE.dll
0x00007ffe1c110000 - 0x00007ffe1c210000 	C:\WINDOWS\System32\ucrtbase.dll
0x00007ffe0be50000 - 0x00007ffe0be6b000 	C:\Program Files\spring-tool-suite-4-4.22.0\sts-4.22.0.RELEASE\plugins\org.eclipse.justj.openjdk.hotspot.jre.full.win32.x86_64_17.0.10.v20240120-1143\jre\bin\VCRUNTIME140.dll
0x00007ffe03250000 - 0x00007ffe03267000 	C:\Program Files\spring-tool-suite-4-4.22.0\sts-4.22.0.RELEASE\plugins\org.eclipse.justj.openjdk.hotspot.jre.full.win32.x86_64_17.0.10.v20240120-1143\jre\bin\jli.dll
0x00007ffe1d1d0000 - 0x00007ffe1d36f000 	C:\WINDOWS\System32\USER32.dll
0x00007ffe1ba20000 - 0x00007ffe1ba42000 	C:\WINDOWS\System32\win32u.dll
0x00007ffe09270000 - 0x00007ffe0950a000 	C:\WINDOWS\WinSxS\amd64_microsoft.windows.common-controls_6595b64144ccf1df_6.0.19041.3636_none_60b6a03d71f818d5\COMCTL32.dll
0x00007ffe1e300000 - 0x00007ffe1e32b000 	C:\WINDOWS\System32\GDI32.dll
0x00007ffe1d490000 - 0x00007ffe1d52e000 	C:\WINDOWS\System32\msvcrt.dll
0x00007ffe1ba50000 - 0x00007ffe1bb67000 	C:\WINDOWS\System32\gdi32full.dll
0x00007ffe1c300000 - 0x00007ffe1c39d000 	C:\WINDOWS\System32\msvcp_win.dll
0x00007ffe1e1e0000 - 0x00007ffe1e212000 	C:\WINDOWS\System32\IMM32.DLL
0x00007ffe15610000 - 0x00007ffe1561c000 	C:\Program Files\spring-tool-suite-4-4.22.0\sts-4.22.0.RELEASE\plugins\org.eclipse.justj.openjdk.hotspot.jre.full.win32.x86_64_17.0.10.v20240120-1143\jre\bin\vcruntime140_1.dll
0x00007ffdf86c0000 - 0x00007ffdf874d000 	C:\Program Files\spring-tool-suite-4-4.22.0\sts-4.22.0.RELEASE\plugins\org.eclipse.justj.openjdk.hotspot.jre.full.win32.x86_64_17.0.10.v20240120-1143\jre\bin\msvcp140.dll
0x00007ffda4b40000 - 0x00007ffda57a2000 	C:\Program Files\spring-tool-suite-4-4.22.0\sts-4.22.0.RELEASE\plugins\org.eclipse.justj.openjdk.hotspot.jre.full.win32.x86_64_17.0.10.v20240120-1143\jre\bin\server\jvm.dll
0x00007ffe1cc60000 - 0x00007ffe1cd10000 	C:\WINDOWS\System32\ADVAPI32.dll
0x00007ffe1c950000 - 0x00007ffe1c9f0000 	C:\WINDOWS\System32\sechost.dll
0x00007ffe1d890000 - 0x00007ffe1d9b3000 	C:\WINDOWS\System32\RPCRT4.dll
0x00007ffe1c2d0000 - 0x00007ffe1c2f7000 	C:\WINDOWS\System32\bcrypt.dll
0x00007ffe1af60000 - 0x00007ffe1afab000 	C:\WINDOWS\SYSTEM32\POWRPROF.dll
0x00007ffe09510000 - 0x00007ffe09537000 	C:\WINDOWS\SYSTEM32\WINMM.dll
0x00007ffe148b0000 - 0x00007ffe148ba000 	C:\WINDOWS\SYSTEM32\VERSION.dll
0x00007ffe07c60000 - 0x00007ffe07c69000 	C:\WINDOWS\SYSTEM32\WSOCK32.dll
0x00007ffe1cd10000 - 0x00007ffe1cd7b000 	C:\WINDOWS\System32\WS2_32.dll
0x00007ffe1ae20000 - 0x00007ffe1ae32000 	C:\WINDOWS\SYSTEM32\UMPDC.dll
0x00007ffe1a290000 - 0x00007ffe1a2a2000 	C:\WINDOWS\SYSTEM32\kernel.appcore.dll
0x00007ffe15f70000 - 0x00007ffe15f7a000 	C:\Program Files\spring-tool-suite-4-4.22.0\sts-4.22.0.RELEASE\plugins\org.eclipse.justj.openjdk.hotspot.jre.full.win32.x86_64_17.0.10.v20240120-1143\jre\bin\jimage.dll
0x00007ffe18f40000 - 0x00007ffe19124000 	C:\WINDOWS\SYSTEM32\DBGHELP.DLL
0x00007ffdfbe70000 - 0x00007ffdfbea4000 	C:\WINDOWS\SYSTEM32\dbgcore.DLL
0x00007ffe1bcd0000 - 0x00007ffe1bd52000 	C:\WINDOWS\System32\bcryptPrimitives.dll
0x00007ffe150c0000 - 0x00007ffe150e5000 	C:\Program Files\spring-tool-suite-4-4.22.0\sts-4.22.0.RELEASE\plugins\org.eclipse.justj.openjdk.hotspot.jre.full.win32.x86_64_17.0.10.v20240120-1143\jre\bin\java.dll

dbghelp: loaded successfully - version: 4.0.5 - missing functions: none
symbol engine: initialized successfully - sym options: 0x614 - pdb path: .;C:\Program Files\spring-tool-suite-4-4.22.0\sts-4.22.0.RELEASE\plugins\org.eclipse.justj.openjdk.hotspot.jre.full.win32.x86_64_17.0.10.v20240120-1143\jre\bin;C:\WINDOWS\SYSTEM32;C:\WINDOWS\WinSxS\amd64_microsoft.windows.common-controls_6595b64144ccf1df_6.0.19041.3636_none_60b6a03d71f818d5;C:\Program Files\spring-tool-suite-4-4.22.0\sts-4.22.0.RELEASE\plugins\org.eclipse.justj.openjdk.hotspot.jre.full.win32.x86_64_17.0.10.v20240120-1143\jre\bin\server

VM Arguments:
jvm_args: -Dfile.encoding=UTF-8 -Dstdout.encoding=UTF-8 -Dstderr.encoding=UTF-8 -XX:+ShowCodeDetailsInExceptionMessages 
java_command: fr.diginamic.jdr.Parties
java_class_path (initial): C:\workspace\approche-objet\build\classes
Launcher Type: SUN_STANDARD

[Global flags]
     intx CICompilerCount                          = 4                                         {product} {ergonomic}
     uint ConcGCThreads                            = 2                                         {product} {ergonomic}
     uint G1ConcRefinementThreads                  = 8                                         {product} {ergonomic}
   size_t G1HeapRegionSize                         = 2097152                                   {product} {ergonomic}
    uintx GCDrainStackTargetSize                   = 64                                        {product} {ergonomic}
   size_t InitialHeapSize                          = 268435456                                 {product} {ergonomic}
   size_t MarkStackSize                            = 4194304                                   {product} {ergonomic}
   size_t MaxHeapSize                              = 4265607168                                {product} {ergonomic}
   size_t MinHeapDeltaBytes                        = 2097152                                   {product} {ergonomic}
   size_t MinHeapSize                              = 8388608                                   {product} {ergonomic}
    uintx NonNMethodCodeHeapSize                   = 5839372                                {pd product} {ergonomic}
    uintx NonProfiledCodeHeapSize                  = 122909434                              {pd product} {ergonomic}
    uintx ProfiledCodeHeapSize                     = 122909434                              {pd product} {ergonomic}
    uintx ReservedCodeCacheSize                    = 251658240                              {pd product} {ergonomic}
     bool SegmentedCodeCache                       = true                                      {product} {ergonomic}
     bool ShowCodeDetailsInExceptionMessages       = true                                   {manageable} {command line}
   size_t SoftMaxHeapSize                          = 4265607168                             {manageable} {ergonomic}
     bool UseCompressedClassPointers               = true                           {product lp64_product} {ergonomic}
     bool UseCompressedOops                        = true                           {product lp64_product} {ergonomic}
     bool UseG1GC                                  = true                                      {product} {ergonomic}
     bool UseLargePagesIndividualAllocation        = false                                  {pd product} {ergonomic}

Logging:
Log output configuration:
 #0: stdout all=warning uptime,level,tags
 #1: stderr all=off uptime,level,tags

Environment Variables:
JAVA_HOME=C:\jdk-21.0.2
PATH=C:/Program Files/spring-tool-suite-4-4.22.0/sts-4.22.0.RELEASE//plugins/org.eclipse.justj.openjdk.hotspot.jre.full.win32.x86_64_17.0.10.v20240120-1143/jre/bin/server;C:/Program Files/spring-tool-suite-4-4.22.0/sts-4.22.0.RELEASE//plugins/org.eclipse.justj.openjdk.hotspot.jre.full.win32.x86_64_17.0.10.v20240120-1143/jre/bin;C:\Program Files\Common Files\Oracle\Java\javapath;C:\Program Files\Eclipse Adoptium\jdk-17.0.10.7-hotspot\bin;C:\Program Files\Zulu\zulu-21\bin\;C:\Windows\system32;C:\Windows;C:\Windows\System32\Wbem;C:\Windows\System32\WindowsPowerShell\v1.0\;C:\Windows\System32\OpenSSH\;C:\Program Files\Intel\WiFi\bin\;C:\Program Files\Common Files\Intel\WirelessCommon\;C:\Program Files (x86)\NVIDIA Corporation\PhysX\Common;C:\Program Files\NVIDIA Corporation\NVIDIA NvDLISR;C:\WINDOWS\system32;C:\WINDOWS;C:\WINDOWS\System32\Wbem;C:\WINDOWS\System32\WindowsPowerShell\v1.0\;C:\WINDOWS\System32\OpenSSH\;C:\Program Files\Git\cmd;C:\Program Files\MySQL\MySQL Server 8.0\bin;C:\Program Files\nodejs\;C:\Windows\system32;C:\Windows;C:\Windows\System32\Wbem;C:\Windows\System32\WindowsPowerShell\v1.0\;C:\Windows\System32\OpenSSH\;C:\Program Files\Intel\WiFi\bin\;C:\Program Files\Common Files\Intel\WirelessCommon\;C:\Program Files (x86)\NVIDIA Corporation\PhysX\Common;C:\Program Files\NVIDIA Corporation\NVIDIA NvDLISR;C:\WINDOWS\system32;C:\WINDOWS;C:\WINDOWS\System32\Wbem;C:\WINDOWS\System32\WindowsPowerShell\v1.0\;C:\WINDOWS\System32\OpenSSH\;C:\Program Files\Git\cmd;C:\Program Files\nodejs\;C:\Program Files\MySQL\MySQL Server 8.0\bin;C:\Users\Thomas Lc\AppData\Local\Microsoft\WindowsApps;C:\Users\Thomas Lc\AppData\Local\Programs\Microsoft VS Code\bin;C:\Program Files (x86)\MongoDB Atlas CLI\;C:\Program Files\sf\bin;C:\Program Files\sf\bin;C:\C:\jdk-21.0.2\bin;C:\Users\Thomas Lc\AppData\Local\JetBrains\Toolbox\scripts;C:\Users\Thomas Lc\AppData\Roaming\npm;C:\Program Files\spring-tool-suite-4-4.22.0\sts-4.22.0.RELEASE;
USERNAME=Thomas Lc
OS=Windows_NT
PROCESSOR_IDENTIFIER=Intel64 Family 6 Model 158 Stepping 9, GenuineIntel
TMP=C:\Users\THOMAS~1\AppData\Local\Temp
TEMP=C:\Users\THOMAS~1\AppData\Local\Temp



Periodic native trim disabled


---------------  S Y S T E M  ---------------

OS:
 Windows 10 , 64 bit Build 19041 (10.0.19041.3636)
OS uptime: 20 days 8:16 hours

CPU: total 8 (initial active 8) (4 cores per cpu, 2 threads per core) family 6 model 158 stepping 9 microcode 0xb4, cx8, cmov, fxsr, ht, mmx, 3dnowpref, sse, sse2, sse3, ssse3, sse4.1, sse4.2, popcnt, lzcnt, tsc, tscinvbit, avx, avx2, aes, erms, clmul, bmi1, bmi2, adx, fma, vzeroupper, clflush, clflushopt
Processor Information for all 8 processors :
  Max Mhz: 2808, Current Mhz: 2808, Mhz Limit: 2808

Memory: 4k page, system-wide physical 16268M (6580M free)
TotalPageFile size 24543M (AvailPageFile size 150M)
current process WorkingSet (physical memory assigned to process): 10M, peak: 10M
current process commit charge ("private bytes"): 60M, peak: 316M

vm_info: OpenJDK 64-Bit Server VM (17.0.10+7) for windows-amd64 JRE (17.0.10+7), built on Jan 16 2024 23:25:11 by "admin" with MS VC++ 16.10 / 16.11 (VS2019)

END.
